<?xml version="1.0" encoding="UTF-8"?>
<testng-results skipped="0" failed="0" ignored="0" total="1" passed="1">
  <reporter-output>
  </reporter-output>
  <suite name="Default suite" duration-ms="21083" started-at="2019-08-10T16:44:32Z" finished-at="2019-08-10T16:44:53Z">
    <groups>
    </groups>
    <test name="Default test" duration-ms="21083" started-at="2019-08-10T16:44:32Z" finished-at="2019-08-10T16:44:53Z">
      <class name="DragAndDropHandling">
        <test-method status="PASS" signature="beforeTest()[pri:0, instance:DragAndDropHandling@1810399e]" name="beforeTest" is-config="true" duration-ms="8488" started-at="2019-08-10T16:44:32Z" finished-at="2019-08-10T16:44:41Z">
          <reporter-output>
          </reporter-output>
        </test-method> <!-- beforeTest -->
        <test-method status="PASS" signature="sampleElement()[pri:0, instance:DragAndDropHandling@1810399e]" name="sampleElement" duration-ms="10764" started-at="2019-08-10T16:44:41Z" finished-at="2019-08-10T16:44:51Z">
          <reporter-output>
          </reporter-output>
        </test-method> <!-- sampleElement -->
        <test-method status="PASS" signature="afterTest()[pri:0, instance:DragAndDropHandling@1810399e]" name="afterTest" is-config="true" duration-ms="1783" started-at="2019-08-10T16:44:51Z" finished-at="2019-08-10T16:44:53Z">
          <reporter-output>
          </reporter-output>
        </test-method> <!-- afterTest -->
      </class> <!-- DragAndDropHandling -->
    </test> <!-- Default test -->
  </suite> <!-- Default suite -->
</testng-results>
